[Fri Oct  3 23:27:39 2025] [INFO] Servidor inicializado na porta 8080.
[Fri Oct  3 23:27:39 2025] [INFO] Servidor TCP escutando em 0.0.0.0:8080
[Fri Oct  3 23:27:40 2025] [INFO] Cliente CLI inicializado.
[Fri Oct  3 23:27:40 2025] [INFO] Conectado com sucesso ao servidor 127.0.0.1:8080
[Fri Oct  3 23:27:40 2025] [INFO] Nova conexão aceita de: 127.0.0.1 no socket: 5
[Fri Oct  3 23:27:40 2025] [DEBUG] Sessão criada para o socket 5
[Fri Oct  3 23:27:40 2025] [INFO] Thread de recebimento iniciada.
[Fri Oct  3 23:27:40 2025] [INFO] Cliente Client_#5 (socket: 5) adicionado. Total: 1
[Fri Oct  3 23:27:40 2025] [DEBUG] Mensagem enviada: USER CLIENTE1
[Fri Oct  3 23:27:40 2025] [INFO] Thread de sessão Client_#5 iniciada.
[Fri Oct  3 23:27:40 2025] [DEBUG] Mensagem enviada: Ola a todos!
[Fri Oct  3 23:27:40 2025] [INFO] Cliente CLI inicializado.
[Fri Oct  3 23:27:40 2025] [DEBUG] Mensagem recebida de Client_#5: USER CLIENTE1
Ola a todos!
[Fri Oct  3 23:27:40 2025] [INFO] Conexão fechada.
[Fri Oct  3 23:27:40 2025] [INFO] Conectado com sucesso ao servidor 127.0.0.1:8080
[Fri Oct  3 23:27:40 2025] [INFO] Nova conexão aceita de: 127.0.0.1 no socket: 6
[Fri Oct  3 23:27:40 2025] [DEBUG] Sessão criada para o socket 6
[Fri Oct  3 23:27:40 2025] [INFO] Cliente Client_#6 (socket: 6) adicionado. Total: 2
[Fri Oct  3 23:27:40 2025] [INFO] Thread de sessão Client_#6 iniciada.
[Fri Oct  3 23:27:40 2025] [DEBUG] Mensagem enviada: USER CLIENTE2
[Fri Oct  3 23:27:40 2025] [DEBUG] Mensagem recebida de Client_#6: USER CLIENTE2
[Fri Oct  3 23:27:40 2025] [INFO] Thread de recebimento iniciada.
[Fri Oct  3 23:27:40 2025] [DEBUG] Mensagem recebida de Client_#6: Broadcast funcionando?
[Fri Oct  3 23:27:40 2025] [DEBUG] Mensagem enviada: Broadcast funcionando?
[Fri Oct  3 23:27:40 2025] [INFO] Client_#5 (socket 5) desconectou.
[Fri Oct  3 23:27:40 2025] [INFO] Conexão fechada.
[Fri Oct  3 23:27:40 2025] [INFO] Cliente (socket: 5) removido. Total: 1
[Fri Oct  3 23:27:40 2025] [DEBUG] ClientSession destruída para o socket 5
[Fri Oct  3 23:27:40 2025] [INFO] Thread de sessão Client_#5 finalizada.
